<?xml version="1.0" encoding="UTF-8"?>
<!-- Generated by org.testng.reporters.JUnitReportReporter -->
<testsuite hostname="LAPTOP-RTQO86AS" failures="0" tests="1" name="extentreports.LearnExtentReport" time="3.090" errors="0" timestamp="2024-06-05T07:30:22 IST" skipped="0">
  <testcase classname="extentreports.LearnExtentReport" name="report" time="3.090"/>
  <system-out/>
</testsuite> <!-- extentreports.LearnExtentReport -->
