<?xml version="1.0" encoding="UTF-8"?>
<!-- Generated by org.testng.reporters.JUnitReportReporter -->
<testsuite hostname="LAPTOP-RTQO86AS" failures="0" tests="1" name="surefirewebpages.Fb_Test" time="17.627" errors="0" timestamp="2024-05-24T08:46:52 IST" skipped="0">
  <testcase classname="surefirewebpages.Fb_Test" name="display" time="17.627"/>
  <system-out>
    <![CDATA[FaceBook launched]]>
  </system-out>
</testsuite> <!-- surefirewebpages.Fb_Test -->
