<?xml version="1.0" encoding="UTF-8"?>
<!-- Generated by org.testng.reporters.JUnitReportReporter -->
<testsuite hostname="LAPTOP-RTQO86AS" failures="0" tests="1" name="demopackage.Demo_Test" time="0.022" errors="0" timestamp="2024-05-28T14:47:31 IST" skipped="0">
  <testcase classname="demopackage.Demo_Test" name="display" time="0.022"/>
  <system-out>
    <![CDATA[First Demo Test]]>
  </system-out>
</testsuite> <!-- demopackage.Demo_Test -->
