<?xml version="1.0" encoding="UTF-8"?>
<!-- Generated by org.testng.reporters.JUnitReportReporter -->
<testsuite hostname="LAPTOP-RTQO86AS" failures="0" tests="1" name="extentreports.Demo1" time="31.747" errors="0" timestamp="2024-06-04T19:44:48 IST" skipped="0">
  <testcase classname="extentreports.Demo1" name="fbLogin" time="31.747"/>
  <system-out/>
</testsuite> <!-- extentreports.Demo1 -->
