<?xml version="1.0" encoding="UTF-8"?>
<!-- Generated by org.testng.reporters.JUnitReportReporter -->
<testsuite hostname="LAPTOP-RTQO86AS" failures="0" tests="1" name="extentreports.AttachScreenshot" time="24.865" errors="0" timestamp="2024-06-04T09:31:05 IST" skipped="0">
  <testcase classname="extentreports.AttachScreenshot" name="screenshot" time="24.865"/>
  <system-out/>
</testsuite> <!-- extentreports.AttachScreenshot -->
