<?xml version="1.0" encoding="UTF-8"?>
<!-- Generated by org.testng.reporters.JUnitReportReporter -->
<testsuite hostname="LAPTOP-RTQO86AS" failures="0" tests="1" name="surefirewebpages.Selenium_Test" time="13.085" errors="0" timestamp="2024-05-24T08:46:52 IST" skipped="0">
  <testcase classname="surefirewebpages.Selenium_Test" name="display" time="13.085"/>
  <system-out>
    <![CDATA[Selenium launched]]>
  </system-out>
</testsuite> <!-- surefirewebpages.Selenium_Test -->
